<?xml version="1.0" encoding="UTF-8"?>
<!-- Generated by org.testng.reporters.JUnitXMLReporter -->
<testsuite ignored="0" hostname="Oussama" failures="0" tests="4" name="Surefire test" time="0.052" errors="0" timestamp="2024-06-20T09:18:34 CEST">
  <testcase classname="com.example.AppTest" name="testCircle on testCircle(com.example.AppTest)" time="0.012"/>
  <testcase classname="com.example.AppTest" name="testSetterMethod on testSetterMethod(com.example.AppTest)" time="0.024"/>
  <testcase classname="com.example.AppTest" name="testRectangle on testRectangle(com.example.AppTest)" time="0.024"/>
  <testcase classname="com.example.AppTest" name="testHelloWorld on testHelloWorld(com.example.AppTest)" time="0.024"/>
</testsuite> <!-- Surefire test -->
