<?xml version="1.0" encoding="UTF-8"?>
<testng-results ignored="0" total="4" passed="4" failed="0" skipped="0">
  <reporter-output>
  </reporter-output>
  <suite started-at="2024-06-20T09:18:34 CEST" name="Surefire suite" finished-at="2024-06-20T09:18:34 CEST" duration-ms="52">
    <groups>
    </groups>
    <test started-at="2024-06-20T09:18:34 CEST" name="Surefire test" finished-at="2024-06-20T09:18:34 CEST" duration-ms="52">
      <class name="com.example.AppTest">
        <test-method signature="testCircle()" started-at="2024-06-20T09:18:34 CEST" name="testCircle" finished-at="2024-06-20T09:18:34 CEST" duration-ms="12" status="PASS">
          <reporter-output>
          </reporter-output>
        </test-method> <!-- testCircle -->
        <test-method signature="testRectangle()" started-at="2024-06-20T09:18:34 CEST" name="testRectangle" finished-at="2024-06-20T09:18:34 CEST" duration-ms="24" status="PASS">
          <reporter-output>
          </reporter-output>
        </test-method> <!-- testRectangle -->
        <test-method signature="testSetterMethod()" started-at="2024-06-20T09:18:34 CEST" name="testSetterMethod" finished-at="2024-06-20T09:18:34 CEST" duration-ms="24" status="PASS">
          <reporter-output>
          </reporter-output>
        </test-method> <!-- testSetterMethod -->
        <test-method signature="testHelloWorld()" started-at="2024-06-20T09:18:34 CEST" name="testHelloWorld" finished-at="2024-06-20T09:18:34 CEST" duration-ms="24" status="PASS">
          <reporter-output>
          </reporter-output>
        </test-method> <!-- testHelloWorld -->
      </class> <!-- com.example.AppTest -->
    </test> <!-- Surefire test -->
  </suite> <!-- Surefire suite -->
</testng-results>
